[    4622ms] [WARNING] <gmp-pin>: The `element` property is deprecated. Please use the PinElement directly. @ https://maps.googleapis.com/maps-api-v3/api/js/64/5d/main.js:195
[   24796ms] [ERROR] Failed to load resource: the server responded with a status of 404 () @ https://eventizer.pl/faq?_rsc=eqsj0:0
[   24921ms] [ERROR] Failed to load resource: the server responded with a status of 404 () @ https://eventizer.pl/kariera?_rsc=eqsj0:0
[   27379ms] [ERROR] Failed to load resource: the server responded with a status of 404 () @ https://eventizer.pl/og%C5%82oszenia?_rsc=eqsj0:0
[   38482ms] [WARNING] The resource https://eventizer.pl/_next/static/chunks/b067a149b60fb81a.css?dpl=dpl_Daz4BfbvMc9naXH9RUbw8g3QprCt was preloaded using link preload but not used within a few seconds from the window's load event. Please make sure it has an appropriate `as` value and it is preloaded intentionally. @ https://eventizer.pl/ogloszenia?seed=23528631:0
[   38482ms] [WARNING] The resource https://eventizer.pl/_next/static/chunks/b72cc513952b72a3.css?dpl=dpl_Daz4BfbvMc9naXH9RUbw8g3QprCt was preloaded using link preload but not used within a few seconds from the window's load event. Please make sure it has an appropriate `as` value and it is preloaded intentionally. @ https://eventizer.pl/ogloszenia?seed=23528631:0
[   38482ms] [WARNING] The resource https://eventizer.pl/_next/static/chunks/4709be970a5acb55.css?dpl=dpl_Daz4BfbvMc9naXH9RUbw8g3QprCt was preloaded using link preload but not used within a few seconds from the window's load event. Please make sure it has an appropriate `as` value and it is preloaded intentionally. @ https://eventizer.pl/ogloszenia?seed=23528631:0
[   38482ms] [WARNING] The resource https://eventizer.pl/_next/static/chunks/a9cd27663f208d3b.css?dpl=dpl_Daz4BfbvMc9naXH9RUbw8g3QprCt was preloaded using link preload but not used within a few seconds from the window's load event. Please make sure it has an appropriate `as` value and it is preloaded intentionally. @ https://eventizer.pl/ogloszenia?seed=23528631:0
[   38482ms] [WARNING] The resource https://eventizer.pl/_next/static/chunks/b78d97c8c98c2b54.css?dpl=dpl_Daz4BfbvMc9naXH9RUbw8g3QprCt was preloaded using link preload but not used within a few seconds from the window's load event. Please make sure it has an appropriate `as` value and it is preloaded intentionally. @ https://eventizer.pl/ogloszenia?seed=23528631:0
[   38482ms] [WARNING] The resource https://eventizer.pl/_next/static/chunks/3b8c12f88181635b.css?dpl=dpl_Daz4BfbvMc9naXH9RUbw8g3QprCt was preloaded using link preload but not used within a few seconds from the window's load event. Please make sure it has an appropriate `as` value and it is preloaded intentionally. @ https://eventizer.pl/ogloszenia?seed=23528631:0
[   38482ms] [WARNING] The resource https://eventizer.pl/_next/static/chunks/54285531089d43cf.css?dpl=dpl_Daz4BfbvMc9naXH9RUbw8g3QprCt was preloaded using link preload but not used within a few seconds from the window's load event. Please make sure it has an appropriate `as` value and it is preloaded intentionally. @ https://eventizer.pl/ogloszenia?seed=23528631:0
[   38482ms] [WARNING] The resource https://eventizer.pl/_next/static/chunks/f8da4ab8812f3caf.css?dpl=dpl_Daz4BfbvMc9naXH9RUbw8g3QprCt was preloaded using link preload but not used within a few seconds from the window's load event. Please make sure it has an appropriate `as` value and it is preloaded intentionally. @ https://eventizer.pl/ogloszenia?seed=23528631:0
[   41057ms] [ERROR] Failed to load resource: the server responded with a status of 404 () @ https://eventizer.pl/kariera?_rsc=eqsj0:0
[   41076ms] [ERROR] Failed to load resource: the server responded with a status of 404 () @ https://eventizer.pl/og%C5%82oszenia?_rsc=eqsj0:0
[   53651ms] [WARNING] The resource https://eventizer.pl/_next/static/chunks/b067a149b60fb81a.css?dpl=dpl_Daz4BfbvMc9naXH9RUbw8g3QprCt was preloaded using link preload but not used within a few seconds from the window's load event. Please make sure it has an appropriate `as` value and it is preloaded intentionally. @ https://eventizer.pl/o-nas:0
[   53651ms] [WARNING] The resource https://eventizer.pl/_next/static/chunks/b72cc513952b72a3.css?dpl=dpl_Daz4BfbvMc9naXH9RUbw8g3QprCt was preloaded using link preload but not used within a few seconds from the window's load event. Please make sure it has an appropriate `as` value and it is preloaded intentionally. @ https://eventizer.pl/o-nas:0
[   53651ms] [WARNING] The resource https://eventizer.pl/_next/static/chunks/4709be970a5acb55.css?dpl=dpl_Daz4BfbvMc9naXH9RUbw8g3QprCt was preloaded using link preload but not used within a few seconds from the window's load event. Please make sure it has an appropriate `as` value and it is preloaded intentionally. @ https://eventizer.pl/o-nas:0
[   53651ms] [WARNING] The resource https://eventizer.pl/_next/static/chunks/a9cd27663f208d3b.css?dpl=dpl_Daz4BfbvMc9naXH9RUbw8g3QprCt was preloaded using link preload but not used within a few seconds from the window's load event. Please make sure it has an appropriate `as` value and it is preloaded intentionally. @ https://eventizer.pl/o-nas:0
[   53651ms] [WARNING] The resource https://eventizer.pl/_next/static/chunks/b78d97c8c98c2b54.css?dpl=dpl_Daz4BfbvMc9naXH9RUbw8g3QprCt was preloaded using link preload but not used within a few seconds from the window's load event. Please make sure it has an appropriate `as` value and it is preloaded intentionally. @ https://eventizer.pl/o-nas:0
[   53651ms] [WARNING] The resource https://eventizer.pl/_next/static/chunks/3b8c12f88181635b.css?dpl=dpl_Daz4BfbvMc9naXH9RUbw8g3QprCt was preloaded using link preload but not used within a few seconds from the window's load event. Please make sure it has an appropriate `as` value and it is preloaded intentionally. @ https://eventizer.pl/o-nas:0
[   53651ms] [WARNING] The resource https://eventizer.pl/_next/static/chunks/54285531089d43cf.css?dpl=dpl_Daz4BfbvMc9naXH9RUbw8g3QprCt was preloaded using link preload but not used within a few seconds from the window's load event. Please make sure it has an appropriate `as` value and it is preloaded intentionally. @ https://eventizer.pl/o-nas:0
[   53651ms] [WARNING] The resource https://eventizer.pl/_next/static/chunks/f8da4ab8812f3caf.css?dpl=dpl_Daz4BfbvMc9naXH9RUbw8g3QprCt was preloaded using link preload but not used within a few seconds from the window's load event. Please make sure it has an appropriate `as` value and it is preloaded intentionally. @ https://eventizer.pl/o-nas:0
[   54087ms] [ERROR] Failed to load resource: the server responded with a status of 404 () @ https://eventizer.pl/og%C5%82oszenia?_rsc=eqsj0:0
[   54093ms] [ERROR] Failed to load resource: the server responded with a status of 404 () @ https://eventizer.pl/kariera?_rsc=eqsj0:0
[   54298ms] [ERROR] Failed to load resource: the server responded with a status of 404 () @ https://eventizer.pl/faq?_rsc=eqsj0:0
[   55793ms] [ERROR] Failed to load resource: the server responded with a status of 404 () @ https://eventizer.pl/faq?_rsc=jr1f8:0
[   55800ms] [ERROR] Failed to load resource: the server responded with a status of 404 () @ https://eventizer.pl/kariera?_rsc=jr1f8:0
[   55800ms] [ERROR] Failed to load resource: the server responded with a status of 404 () @ https://eventizer.pl/og%C5%82oszenia?_rsc=jr1f8:0
[   56962ms] [ERROR] Failed to load resource: the server responded with a status of 404 () @ https://eventizer.pl/og%C5%82oszenia?_rsc=3yyad:0
[   56963ms] [ERROR] Failed to load resource: the server responded with a status of 404 () @ https://eventizer.pl/kariera?_rsc=3yyad:0
[   56976ms] [ERROR] Failed to load resource: the server responded with a status of 404 () @ https://eventizer.pl/faq?_rsc=3yyad:0
[   60084ms] [WARNING] The resource https://eventizer.pl/_next/static/chunks/b067a149b60fb81a.css?dpl=dpl_Daz4BfbvMc9naXH9RUbw8g3QprCt was preloaded using link preload but not used within a few seconds from the window's load event. Please make sure it has an appropriate `as` value and it is preloaded intentionally. @ https://eventizer.pl/o-nas:0
[   60084ms] [WARNING] The resource https://eventizer.pl/_next/static/chunks/b72cc513952b72a3.css?dpl=dpl_Daz4BfbvMc9naXH9RUbw8g3QprCt was preloaded using link preload but not used within a few seconds from the window's load event. Please make sure it has an appropriate `as` value and it is preloaded intentionally. @ https://eventizer.pl/o-nas:0
[   60084ms] [WARNING] The resource https://eventizer.pl/_next/static/chunks/4709be970a5acb55.css?dpl=dpl_Daz4BfbvMc9naXH9RUbw8g3QprCt was preloaded using link preload but not used within a few seconds from the window's load event. Please make sure it has an appropriate `as` value and it is preloaded intentionally. @ https://eventizer.pl/o-nas:0
[   60084ms] [WARNING] The resource https://eventizer.pl/_next/static/chunks/a9cd27663f208d3b.css?dpl=dpl_Daz4BfbvMc9naXH9RUbw8g3QprCt was preloaded using link preload but not used within a few seconds from the window's load event. Please make sure it has an appropriate `as` value and it is preloaded intentionally. @ https://eventizer.pl/o-nas:0
[   60084ms] [WARNING] The resource https://eventizer.pl/_next/static/chunks/b78d97c8c98c2b54.css?dpl=dpl_Daz4BfbvMc9naXH9RUbw8g3QprCt was preloaded using link preload but not used within a few seconds from the window's load event. Please make sure it has an appropriate `as` value and it is preloaded intentionally. @ https://eventizer.pl/o-nas:0
[   60084ms] [WARNING] The resource https://eventizer.pl/_next/static/chunks/3b8c12f88181635b.css?dpl=dpl_Daz4BfbvMc9naXH9RUbw8g3QprCt was preloaded using link preload but not used within a few seconds from the window's load event. Please make sure it has an appropriate `as` value and it is preloaded intentionally. @ https://eventizer.pl/o-nas:0
[   60084ms] [WARNING] The resource https://eventizer.pl/_next/static/chunks/54285531089d43cf.css?dpl=dpl_Daz4BfbvMc9naXH9RUbw8g3QprCt was preloaded using link preload but not used within a few seconds from the window's load event. Please make sure it has an appropriate `as` value and it is preloaded intentionally. @ https://eventizer.pl/o-nas:0
[   60084ms] [WARNING] The resource https://eventizer.pl/_next/static/chunks/f8da4ab8812f3caf.css?dpl=dpl_Daz4BfbvMc9naXH9RUbw8g3QprCt was preloaded using link preload but not used within a few seconds from the window's load event. Please make sure it has an appropriate `as` value and it is preloaded intentionally. @ https://eventizer.pl/o-nas:0
[   68552ms] [WARNING] The resource https://eventizer.pl/_next/static/chunks/b067a149b60fb81a.css?dpl=dpl_Daz4BfbvMc9naXH9RUbw8g3QprCt was preloaded using link preload but not used within a few seconds from the window's load event. Please make sure it has an appropriate `as` value and it is preloaded intentionally. @ https://eventizer.pl/auth/sign-in:0
[   68552ms] [WARNING] The resource https://eventizer.pl/_next/static/chunks/b72cc513952b72a3.css?dpl=dpl_Daz4BfbvMc9naXH9RUbw8g3QprCt was preloaded using link preload but not used within a few seconds from the window's load event. Please make sure it has an appropriate `as` value and it is preloaded intentionally. @ https://eventizer.pl/auth/sign-in:0
[   68552ms] [WARNING] The resource https://eventizer.pl/_next/static/chunks/4709be970a5acb55.css?dpl=dpl_Daz4BfbvMc9naXH9RUbw8g3QprCt was preloaded using link preload but not used within a few seconds from the window's load event. Please make sure it has an appropriate `as` value and it is preloaded intentionally. @ https://eventizer.pl/auth/sign-in:0
[   68552ms] [WARNING] The resource https://eventizer.pl/_next/static/chunks/a9cd27663f208d3b.css?dpl=dpl_Daz4BfbvMc9naXH9RUbw8g3QprCt was preloaded using link preload but not used within a few seconds from the window's load event. Please make sure it has an appropriate `as` value and it is preloaded intentionally. @ https://eventizer.pl/auth/sign-in:0
[   68552ms] [WARNING] The resource https://eventizer.pl/_next/static/chunks/b78d97c8c98c2b54.css?dpl=dpl_Daz4BfbvMc9naXH9RUbw8g3QprCt was preloaded using link preload but not used within a few seconds from the window's load event. Please make sure it has an appropriate `as` value and it is preloaded intentionally. @ https://eventizer.pl/auth/sign-in:0
[   68552ms] [WARNING] The resource https://eventizer.pl/_next/static/chunks/3b8c12f88181635b.css?dpl=dpl_Daz4BfbvMc9naXH9RUbw8g3QprCt was preloaded using link preload but not used within a few seconds from the window's load event. Please make sure it has an appropriate `as` value and it is preloaded intentionally. @ https://eventizer.pl/auth/sign-in:0
[   68552ms] [WARNING] The resource https://eventizer.pl/_next/static/chunks/54285531089d43cf.css?dpl=dpl_Daz4BfbvMc9naXH9RUbw8g3QprCt was preloaded using link preload but not used within a few seconds from the window's load event. Please make sure it has an appropriate `as` value and it is preloaded intentionally. @ https://eventizer.pl/auth/sign-in:0
[   68552ms] [WARNING] The resource https://eventizer.pl/_next/static/chunks/f8da4ab8812f3caf.css?dpl=dpl_Daz4BfbvMc9naXH9RUbw8g3QprCt was preloaded using link preload but not used within a few seconds from the window's load event. Please make sure it has an appropriate `as` value and it is preloaded intentionally. @ https://eventizer.pl/auth/sign-in:0
