[    4236ms] [WARNING] Image with src "/api/media/file/homepage-background-compressed.jpg" is using quality "90" which is not configured in images.qualities [75]. Please update your config to [75, 90].
Read more: https://nextjs.org/docs/messages/next-image-unconfigured-qualities @ http://localhost:3000/_next/static/chunks/a2186_next_dist_c97569e9._.js:2297
[    4236ms] [WARNING] Image with src "/api/media/file/homepage-background-light-compressed.jpeg" is using quality "90" which is not configured in images.qualities [75]. Please update your config to [75, 90].
Read more: https://nextjs.org/docs/messages/next-image-unconfigured-qualities @ http://localhost:3000/_next/static/chunks/a2186_next_dist_c97569e9._.js:2297
[    4415ms] [WARNING] Image with src "/api/media/file/homepage-background-light-compressed.jpeg" has "fill" prop and "sizes" prop of "100vw", but image is not rendered at full viewport width. Please adjust "sizes" to improve page performance. Read more: https://nextjs.org/docs/api-reference/next/image#sizes @ http://localhost:3000/_next/static/chunks/a2186_next_dist_c97569e9._.js:2297
[   10412ms] [WARNING] The resource http://localhost:3000/_next/static/chunks/src_d01db3c4._.css was preloaded using link preload but not used within a few seconds from the window's load event. Please make sure it has an appropriate `as` value and it is preloaded intentionally. @ http://localhost:3000/pl:0
[   13450ms] [WARNING] The resource http://localhost:3000/_next/static/chunks/src_d01db3c4._.css was preloaded using link preload but not used within a few seconds from the window's load event. Please make sure it has an appropriate `as` value and it is preloaded intentionally. @ http://localhost:3000/pl:0
[   16745ms] [WARNING] The resource http://localhost:3000/_next/static/chunks/src_d01db3c4._.css was preloaded using link preload but not used within a few seconds from the window's load event. Please make sure it has an appropriate `as` value and it is preloaded intentionally. @ http://localhost:3000/pl:0
[   20068ms] [WARNING] The resource http://localhost:3000/_next/static/chunks/src_d01db3c4._.css was preloaded using link preload but not used within a few seconds from the window's load event. Please make sure it has an appropriate `as` value and it is preloaded intentionally. @ http://localhost:3000/pl:0
[   23362ms] [WARNING] The resource http://localhost:3000/_next/static/chunks/src_d01db3c4._.css was preloaded using link preload but not used within a few seconds from the window's load event. Please make sure it has an appropriate `as` value and it is preloaded intentionally. @ http://localhost:3000/pl:0
[   26664ms] [WARNING] The resource http://localhost:3000/_next/static/chunks/src_d01db3c4._.css was preloaded using link preload but not used within a few seconds from the window's load event. Please make sure it has an appropriate `as` value and it is preloaded intentionally. @ http://localhost:3000/pl:0
[   29963ms] [WARNING] The resource http://localhost:3000/_next/static/chunks/src_d01db3c4._.css was preloaded using link preload but not used within a few seconds from the window's load event. Please make sure it has an appropriate `as` value and it is preloaded intentionally. @ http://localhost:3000/pl:0
[   33267ms] [WARNING] The resource http://localhost:3000/_next/static/chunks/src_d01db3c4._.css was preloaded using link preload but not used within a few seconds from the window's load event. Please make sure it has an appropriate `as` value and it is preloaded intentionally. @ http://localhost:3000/pl:0
[   36578ms] [WARNING] The resource http://localhost:3000/_next/static/chunks/src_d01db3c4._.css was preloaded using link preload but not used within a few seconds from the window's load event. Please make sure it has an appropriate `as` value and it is preloaded intentionally. @ http://localhost:3000/pl:0
[   39880ms] [WARNING] The resource http://localhost:3000/_next/static/chunks/src_d01db3c4._.css was preloaded using link preload but not used within a few seconds from the window's load event. Please make sure it has an appropriate `as` value and it is preloaded intentionally. @ http://localhost:3000/pl:0
[   43179ms] [WARNING] The resource http://localhost:3000/_next/static/chunks/src_d01db3c4._.css was preloaded using link preload but not used within a few seconds from the window's load event. Please make sure it has an appropriate `as` value and it is preloaded intentionally. @ http://localhost:3000/pl:0
[   46478ms] [WARNING] The resource http://localhost:3000/_next/static/chunks/src_d01db3c4._.css was preloaded using link preload but not used within a few seconds from the window's load event. Please make sure it has an appropriate `as` value and it is preloaded intentionally. @ http://localhost:3000/pl:0
[   49563ms] [WARNING] The resource http://localhost:3000/_next/static/chunks/src_d01db3c4._.css was preloaded using link preload but not used within a few seconds from the window's load event. Please make sure it has an appropriate `as` value and it is preloaded intentionally. @ http://localhost:3000/pl:0
[   49563ms] [WARNING] The resource http://localhost:3000/_next/image?url=%2Fapi%2Foffer-uploads%2Ffile%2FIMG_7746.webp&w=1200&q=75 was preloaded using link preload but not used within a few seconds from the window's load event. Please make sure it has an appropriate `as` value and it is preloaded intentionally. @ http://localhost:3000/pl:0
[   52864ms] [WARNING] The resource http://localhost:3000/_next/image?url=%2Fapi%2Foffer-uploads%2Ffile%2Fbrowar%2520(79%2520of%2520148).webp&w=1200&q=75 was preloaded using link preload but not used within a few seconds from the window's load event. Please make sure it has an appropriate `as` value and it is preloaded intentionally. @ http://localhost:3000/pl:0
[   52864ms] [WARNING] The resource http://localhost:3000/_next/static/chunks/src_d01db3c4._.css was preloaded using link preload but not used within a few seconds from the window's load event. Please make sure it has an appropriate `as` value and it is preloaded intentionally. @ http://localhost:3000/pl:0
[   52864ms] [WARNING] The resource http://localhost:3000/_next/image?url=%2Fapi%2Foffer-uploads%2Ffile%2FIMG_7746.webp&w=1200&q=75 was preloaded using link preload but not used within a few seconds from the window's load event. Please make sure it has an appropriate `as` value and it is preloaded intentionally. @ http://localhost:3000/pl:0
